<?xml version="1.0" encoding="UTF-8"?>
<testng-results ignored="0" total="1" passed="1" failed="0" skipped="0">
  <reporter-output>
  </reporter-output>
  <suite started-at="2020-08-25T07:36:08Z" name="Default suite" finished-at="2020-08-25T09:49:03Z" duration-ms="7974750">
    <groups>
    </groups>
    <test started-at="2020-08-25T07:36:08Z" name="Default test" finished-at="2020-08-25T09:49:03Z" duration-ms="7974750">
      <class name="com.test.thrift.ThriftService.ResumeViewServiceTest">
        <test-method signature="TC_001_verify_GetContract()[pri:0, instance:com.test.thrift.ThriftService.ResumeViewServiceTest@6279cee3]" started-at="2020-08-25T07:36:08Z" name="TC_001_verify_GetContract" finished-at="2020-08-25T09:49:03Z" duration-ms="7974731" status="PASS">
          <reporter-output>
          </reporter-output>
        </test-method> <!-- TC_001_verify_GetContract -->
      </class> <!-- com.test.thrift.ThriftService.ResumeViewServiceTest -->
    </test> <!-- Default test -->
  </suite> <!-- Default suite -->
</testng-results>
